[debug] [2022-03-08T14:05:52.724Z] ----------------------------------------------------------------------
[debug] [2022-03-08T14:05:52.735Z] Command:       C:\Program Files\nodejs\node.exe C:\Users\Himal\AppData\Roaming\npm\node_modules\firebase-tools\lib\bin\firebase.js deploy
[debug] [2022-03-08T14:05:52.737Z] CLI Version:   9.22.0
[debug] [2022-03-08T14:05:52.738Z] Platform:      win32
[debug] [2022-03-08T14:05:52.738Z] Node Version:  v13.14.0
[debug] [2022-03-08T14:05:52.845Z] Time:          Tue Mar 08 2022 20:05:52 GMT+0600 (Bangladesh Standard Time)
[debug] [2022-03-08T14:05:52.846Z] ----------------------------------------------------------------------
[debug] 
[debug] [2022-03-08T14:05:53.050Z] > command requires scopes: ["email","openid","https://www.googleapis.com/auth/cloudplatformprojects.readonly","https://www.googleapis.com/auth/firebase","https://www.googleapis.com/auth/cloud-platform"]
[debug] [2022-03-08T14:05:53.050Z] > authorizing via signed-in user (somyiaakter93@gmail.com)
[debug] [2022-03-08T14:05:53.050Z] [iam] checking project apartment-sales-aa753 for permissions ["firebase.projects.get","firebasehosting.sites.update"]
[debug] [2022-03-08T14:05:53.054Z] > refreshing access token with scopes: ["email","https://www.googleapis.com/auth/cloud-platform","https://www.googleapis.com/auth/cloudplatformprojects.readonly","https://www.googleapis.com/auth/firebase","openid"]
[debug] [2022-03-08T14:05:53.055Z] >>> HTTP REQUEST POST https://www.googleapis.com/oauth2/v3/token  
 <request body omitted>
[debug] [2022-03-08T14:06:05.283Z] [iam] error while checking permissions, command may fail: FirebaseError: Authentication Error: Your credentials are no longer valid. Please run firebase login --reauth

For CI servers and headless environments, generate a new token with firebase login:ci
[debug] [2022-03-08T14:06:05.289Z] > refreshing access token with scopes: []
[debug] [2022-03-08T14:06:05.290Z] >>> HTTP REQUEST POST https://www.googleapis.com/oauth2/v3/token  
 <request body omitted>
[debug] [2022-03-08T14:06:17.301Z] Authentication Error: Your credentials are no longer valid. Please run firebase login --reauth

For CI servers and headless environments, generate a new token with firebase login:ci
[debug] [2022-03-08T14:06:29.388Z] FirebaseError: Authentication Error: Your credentials are no longer valid. Please run firebase login --reauth

For CI servers and headless environments, generate a new token with firebase login:ci
    at invalidCredentialError (C:\Users\Himal\AppData\Roaming\npm\node_modules\firebase-tools\lib\auth.js:141:12)
    at refreshTokens (C:\Users\Himal\AppData\Roaming\npm\node_modules\firebase-tools\lib\auth.js:448:15)
    at processTicksAndRejections (internal/process/task_queues.js:97:5)
[error] 
[error] Error: Failed to get Firebase project apartment-sales-aa753. Please make sure the project exists and your account has permission to access it.
[debug] [2022-03-08T14:15:14.943Z] ----------------------------------------------------------------------
[debug] [2022-03-08T14:15:14.948Z] Command:       C:\Program Files\nodejs\node.exe C:\Users\Himal\AppData\Roaming\npm\node_modules\firebase-tools\lib\bin\firebase.js deploy
[debug] [2022-03-08T14:15:14.949Z] CLI Version:   9.22.0
[debug] [2022-03-08T14:15:14.949Z] Platform:      win32
[debug] [2022-03-08T14:15:14.949Z] Node Version:  v13.14.0
[debug] [2022-03-08T14:15:14.950Z] Time:          Tue Mar 08 2022 20:15:14 GMT+0600 (Bangladesh Standard Time)
[debug] [2022-03-08T14:15:14.950Z] ----------------------------------------------------------------------
[debug] 
[debug] [2022-03-08T14:15:15.066Z] > command requires scopes: ["email","openid","https://www.googleapis.com/auth/cloudplatformprojects.readonly","https://www.googleapis.com/auth/firebase","https://www.googleapis.com/auth/cloud-platform"]
[debug] [2022-03-08T14:15:15.066Z] > authorizing via signed-in user (somyiaakter93@gmail.com)
[debug] [2022-03-08T14:15:15.067Z] [iam] checking project apartment-sales-aa753 for permissions ["firebase.projects.get","firebasehosting.sites.update"]
[debug] [2022-03-08T14:15:15.070Z] > refreshing access token with scopes: ["email","https://www.googleapis.com/auth/cloud-platform","https://www.googleapis.com/auth/cloudplatformprojects.readonly","https://www.googleapis.com/auth/firebase","openid"]
[debug] [2022-03-08T14:15:15.071Z] >>> HTTP REQUEST POST https://www.googleapis.com/oauth2/v3/token  
 <request body omitted>
[debug] [2022-03-08T14:15:27.099Z] [iam] error while checking permissions, command may fail: FirebaseError: Authentication Error: Your credentials are no longer valid. Please run firebase login --reauth

For CI servers and headless environments, generate a new token with firebase login:ci
[debug] [2022-03-08T14:15:27.104Z] > refreshing access token with scopes: []
[debug] [2022-03-08T14:15:27.105Z] >>> HTTP REQUEST POST https://www.googleapis.com/oauth2/v3/token  
 <request body omitted>
[debug] [2022-03-08T14:15:39.117Z] Authentication Error: Your credentials are no longer valid. Please run firebase login --reauth

For CI servers and headless environments, generate a new token with firebase login:ci
[debug] [2022-03-08T14:15:51.143Z] FirebaseError: Authentication Error: Your credentials are no longer valid. Please run firebase login --reauth

For CI servers and headless environments, generate a new token with firebase login:ci
    at invalidCredentialError (C:\Users\Himal\AppData\Roaming\npm\node_modules\firebase-tools\lib\auth.js:141:12)
    at refreshTokens (C:\Users\Himal\AppData\Roaming\npm\node_modules\firebase-tools\lib\auth.js:448:15)
    at processTicksAndRejections (internal/process/task_queues.js:97:5)
[error] 
[error] Error: Failed to get Firebase project apartment-sales-aa753. Please make sure the project exists and your account has permission to access it.
[debug] [2022-03-08T14:16:04.050Z] ----------------------------------------------------------------------
[debug] [2022-03-08T14:16:04.054Z] Command:       C:\Program Files\nodejs\node.exe C:\Users\Himal\AppData\Roaming\npm\node_modules\firebase-tools\lib\bin\firebase.js deploy
[debug] [2022-03-08T14:16:04.055Z] CLI Version:   9.22.0
[debug] [2022-03-08T14:16:04.055Z] Platform:      win32
[debug] [2022-03-08T14:16:04.055Z] Node Version:  v13.14.0
[debug] [2022-03-08T14:16:04.056Z] Time:          Tue Mar 08 2022 20:16:04 GMT+0600 (Bangladesh Standard Time)
[debug] [2022-03-08T14:16:04.057Z] ----------------------------------------------------------------------
[debug] 
[debug] [2022-03-08T14:16:04.168Z] > command requires scopes: ["email","openid","https://www.googleapis.com/auth/cloudplatformprojects.readonly","https://www.googleapis.com/auth/firebase","https://www.googleapis.com/auth/cloud-platform"]
[debug] [2022-03-08T14:16:04.168Z] > authorizing via signed-in user (somyiaakter93@gmail.com)
[debug] [2022-03-08T14:16:04.168Z] [iam] checking project apartment-sales-aa753 for permissions ["firebase.projects.get","firebasehosting.sites.update"]
[debug] [2022-03-08T14:16:04.172Z] > refreshing access token with scopes: ["email","https://www.googleapis.com/auth/cloud-platform","https://www.googleapis.com/auth/cloudplatformprojects.readonly","https://www.googleapis.com/auth/firebase","openid"]
[debug] [2022-03-08T14:16:04.173Z] >>> HTTP REQUEST POST https://www.googleapis.com/oauth2/v3/token  
 <request body omitted>
[debug] [2022-03-08T14:16:16.200Z] [iam] error while checking permissions, command may fail: FirebaseError: Authentication Error: Your credentials are no longer valid. Please run firebase login --reauth

For CI servers and headless environments, generate a new token with firebase login:ci
[debug] [2022-03-08T14:16:16.206Z] > refreshing access token with scopes: []
[debug] [2022-03-08T14:16:16.207Z] >>> HTTP REQUEST POST https://www.googleapis.com/oauth2/v3/token  
 <request body omitted>
[debug] [2022-03-08T14:16:28.217Z] Authentication Error: Your credentials are no longer valid. Please run firebase login --reauth

For CI servers and headless environments, generate a new token with firebase login:ci
[debug] [2022-03-08T14:16:40.243Z] FirebaseError: Authentication Error: Your credentials are no longer valid. Please run firebase login --reauth

For CI servers and headless environments, generate a new token with firebase login:ci
    at invalidCredentialError (C:\Users\Himal\AppData\Roaming\npm\node_modules\firebase-tools\lib\auth.js:141:12)
    at refreshTokens (C:\Users\Himal\AppData\Roaming\npm\node_modules\firebase-tools\lib\auth.js:448:15)
    at processTicksAndRejections (internal/process/task_queues.js:97:5)
[error] 
[error] Error: Failed to get Firebase project apartment-sales-aa753. Please make sure the project exists and your account has permission to access it.
